[    2942ms] [WARNING] A parser-blocking, cross site (i.e. different eTLD+1) script, https://api.map.baidu.com/getscript?v=2.0&ak=6qMHhJddEw1r6lspKQgIhdYjOUU4Ll1Z&services=&t=20260513111453, is invoked via document.write. The network request for this script MAY be blocked by the browser in this or a future page load due to poor network connectivity. If blocked in this page load, it will be confirmed in a subsequent console message. See https://www.chromestatus.com/feature/5718547946799104 for more details. @ https://api.map.baidu.com/api?v=2.0&ak=6qMHhJddEw1r6lspKQgIhdYjOUU4Ll1Z&s=1:0
[    2943ms] [WARNING] A parser-blocking, cross site (i.e. different eTLD+1) script, https://api.map.baidu.com/getscript?v=2.0&ak=6qMHhJddEw1r6lspKQgIhdYjOUU4Ll1Z&services=&t=20260513111453, is invoked via document.write. The network request for this script MAY be blocked by the browser in this or a future page load due to poor network connectivity. If blocked in this page load, it will be confirmed in a subsequent console message. See https://www.chromestatus.com/feature/5718547946799104 for more details. @ https://api.map.baidu.com/api?v=2.0&ak=6qMHhJddEw1r6lspKQgIhdYjOUU4Ll1Z&s=1:0
[    3925ms] [ERROR] Failed to load resource: net::ERR_CONNECTION_CLOSED @ https://s9.cnzz.com/z_stat.php?id=1281010407&web_id=1281010407:0
[    4039ms] [ERROR] Failed to load resource: net::ERR_CONNECTION_CLOSED @ https://api-os.growingio.com/v2/88025341dda01c5f/web/pv:0
[    4146ms] [ERROR] Failed to load resource: net::ERR_CONNECTION_CLOSED @ https://api-os.growingio.com/v2/88025341dda01c5f/web/pv:0
[    4386ms] [ERROR] Failed to load resource: net::ERR_CONNECTION_CLOSED @ https://s9.cnzz.com/z_stat.php?id=1281010407&web_id=1281010407:0
[    5003ms] [ERROR] Failed to load resource: net::ERR_NETWORK_IO_SUSPENDED @ https://miao.baidu.com/abdr?_o=https%3A%2F%2Fwww.kaoyan.cn:0
[    5004ms] [ERROR] Failed to load resource: net::ERR_NETWORK_IO_SUSPENDED @ https://static-data.gaokao.cn/upload/svideo/1682471147_8874_thumb.jpg:0
[    5007ms] [ERROR] Failed to load resource: net::ERR_NETWORK_IO_SUSPENDED @ https://static.kaoyan.cn/school_campus/252/1682673641_6647_thumb.jpg:0
[    5007ms] [ERROR] Failed to load resource: net::ERR_NETWORK_IO_SUSPENDED @ https://static.kaoyan.cn/school_campus/252/1682673574_3107_thumb.jpg:0
[    5007ms] [ERROR] Failed to load resource: net::ERR_NETWORK_IO_SUSPENDED @ https://static.kaoyan.cn/school_campus/252/1682673144_4037_thumb.jpg:0
[    5007ms] [ERROR] Failed to load resource: net::ERR_NETWORK_IO_SUSPENDED @ https://static.kaoyan.cn/school_campus/252/1682673215_0891_thumb.jpg:0
[    5007ms] [ERROR] Failed to load resource: net::ERR_NETWORK_IO_SUSPENDED @ https://static.kaoyan.cn/school_campus/252/1682673272_1932_thumb.jpg:0
[    5007ms] [ERROR] Failed to load resource: net::ERR_NETWORK_IO_SUSPENDED @ https://static.kaoyan.cn/school_campus/252/1682673333_3655_thumb.jpg:0
[    5007ms] [ERROR] Failed to load resource: net::ERR_NETWORK_IO_SUSPENDED @ https://static.kaoyan.cn/school_campus/252/1682673387_4071_thumb.jpg:0
[    5007ms] [ERROR] Failed to load resource: net::ERR_NETWORK_IO_SUSPENDED @ https://static.kaoyan.cn/school_campus/252/1682673445_8231_thumb.jpg:0
[    5007ms] [ERROR] Failed to load resource: net::ERR_NETWORK_IO_SUSPENDED @ https://static.kaoyan.cn/school_campus/252/1682673520_5675_thumb.jpg:0
[ 2084740ms] [ERROR] Failed to load resource: net::ERR_NETWORK_IO_SUSPENDED @ https://static.kaoyan.cn/json/video/tabList.json?a=www.kaoyan.cn:0
[ 2084743ms] [ERROR] Failed to load resource: net::ERR_NETWORK_IO_SUSPENDED @ https://api.kaoyan.cn/pc/school/planListV2:0
[ 2084744ms] [ERROR] Failed to load resource: net::ERR_NETWORK_IO_SUSPENDED @ https://static.kaoyan.cn/json/rank/school_rec_12509.json?a=www.kaoyan.cn:0
[ 2091634ms] [ERROR] Failed to load resource: net::ERR_NETWORK_IO_SUSPENDED @ https://static-data.gaokao.cn/upload/svideo/1682471147_8874_thumb.jpg:0
[ 2091645ms] [ERROR] Failed to load resource: net::ERR_NETWORK_IO_SUSPENDED @ https://static.kaoyan.cn/school_campus/252/1682673641_6647_thumb.jpg:0
[ 2091645ms] [ERROR] Failed to load resource: net::ERR_NETWORK_IO_SUSPENDED @ https://static.kaoyan.cn/school_campus/252/1682673574_3107_thumb.jpg:0
[ 2091645ms] [ERROR] Failed to load resource: net::ERR_NETWORK_IO_SUSPENDED @ https://static.kaoyan.cn/school_campus/252/1682673144_4037_thumb.jpg:0
[ 2091648ms] [ERROR] Failed to load resource: net::ERR_NETWORK_CHANGED @ https://static.kaoyan.cn/school_campus/252/1682673215_0891_thumb.jpg:0
